<?xml version="1.0" encoding="UTF-8"?>
<!-- Generated by org.testng.reporters.JUnitReportReporter -->
<testsuite hostname="DESKTOP-4JV5ODS" failures="0" tests="1" name="seleniumBasics.TestNGAnnotations" time="0.013" errors="0" timestamp="2025-09-08T23:53:57 IST" skipped="0">
  <testcase classname="seleniumBasics.TestNGAnnotations" name="sampleTestcase" time="0.013"/>
</testsuite> <!-- seleniumBasics.TestNGAnnotations -->
