<?xml version="1.0" encoding="UTF-8"?>
<!-- Generated by org.testng.reporters.JUnitReportReporter -->
<testsuite hostname="DESKTOP-4JV5ODS" failures="0" tests="1" name="testscripts.LoginTest" time="2.740" errors="0" timestamp="2025-09-08T14:33:57 IST" skipped="0">
  <testcase classname="testscripts.LoginTest" name="verifyLoginWithInvalidCredentials" time="2.740"/>
</testsuite> <!-- testscripts.LoginTest -->
