<?xml version="1.0" encoding="UTF-8"?>
<!-- Generated by org.testng.reporters.JUnitReportReporter -->
<testsuite hostname="DESKTOP-4JV5ODS" failures="0" tests="1" name="seleniumBasics.TestNGAnnotations" time="0.007" errors="0" timestamp="2025-09-11T23:46:54 IST" skipped="0">
  <testcase classname="seleniumBasics.TestNGAnnotations" name="sampleTestcase" time="0.007"/>
</testsuite> <!-- seleniumBasics.TestNGAnnotations -->
