<?xml version="1.0" encoding="UTF-8"?>
<!-- Generated by org.testng.reporters.JUnitReportReporter -->
<testsuite hostname="DESKTOP-4JV5ODS" failures="0" tests="4" name="testscripts.LoginTest" time="14.768" errors="0" timestamp="2025-09-10T12:11:25 IST" skipped="0">
  <testcase classname="testscripts.LoginTest" name="verifyLoginWithValidCredentials" time="3.226"/>
  <testcase classname="testscripts.LoginTest" name="verifyLoginWithInvalidUsernameAndValidPassword" time="2.635"/>
  <testcase classname="testscripts.LoginTest" name="verifyLoginWithValidUsernameAndInvalidPassword" time="5.724"/>
  <testcase classname="testscripts.LoginTest" name="verifyLoginWithInvalidCredentials" time="3.183"/>
</testsuite> <!-- testscripts.LoginTest -->
